<?xml version="1.0" encoding="UTF-8"?>
<beans xmlns="http://www.springframework.org/schema/beans"
       xmlns:xsi="http://www.w3.org/2001/XMLSchema-instance"
       xmlns:context="http://www.springframework.org/schema/context"
       xmlns:tx="http://www.springframework.org/schema/tx"
       xmlns:p="http://www.springframework.org/schema/p"
       xmlns:jdbc="http://www.springframework.org/schema/jdbc"
       xsi:schemaLocation="http://www.springframework.org/schema/beans
       http://www.springframework.org/schema/beans/spring-beans-3.0.xsd
       http://www.springframework.org/schema/context
       http://www.springframework.org/schema/context/spring-context-3.0.xsd
       http://www.springframework.org/schema/tx
       http://www.springframework.org/schema/tx/spring-tx-3.0.xsd
       http://www.springframework.org/schema/jdbc
       http://www.springframework.org/schema/jdbc/spring-jdbc.xsd">

  <!-- Requires a configured TransactionManager -->
  <import resource="classpath:/spring/mbm-hibernate-service.xml" />

  <!-- Enables annotation driven configuration for tests -->
  <context:annotation-config/>

  <!-- DAOs and DTOs are in these packages and below for tests -->
  <context:component-scan base-package="org.multibit"/>

  <!-- Exception translation bean post processor -->
  <bean class="org.springframework.dao.annotation.PersistenceExceptionTranslationPostProcessor"/>

  <!-- Hibernate persistence configuration -->
  <bean id="sessionFactory" class="org.springframework.orm.hibernate3.annotation.AnnotationSessionFactoryBean">
    <property name="packagesToScan" value="org.multibit.mbm.domain"/>
    <property name="dataSource" ref="dataSource"/>
  </bean>

  <bean id="hibernateTemplate" class="org.springframework.orm.hibernate3.HibernateTemplate">
    <property name="sessionFactory" ref="sessionFactory"/>
  </bean>

  <!-- Configure a simple H2 connection as an embedded DataSource -->
  <jdbc:embedded-database type="H2" id="dataSource">
    <jdbc:script location="classpath:/sql/1/0/0/patch-schema.sql"/>
  </jdbc:embedded-database>

</beans>
