<?xml version="1.0" encoding="UTF-8" ?>
<testsuite failures="0" time="0.359" errors="0" skipped="0" tests="3" name="org.multibit.mbm.utils.DateUtilsTest">
  <properties>
    <property name="java.runtime.name" value="Java(TM) SE Runtime Environment"/>
    <property name="sun.boot.library.path" value="/System/Library/Java/JavaVirtualMachines/1.6.0.jdk/Contents/Libraries"/>
    <property name="java.vm.version" value="20.10-b01-428"/>
    <property name="awt.nativeDoubleBuffering" value="true"/>
    <property name="gopherProxySet" value="false"/>
    <property name="mrj.build" value="11M3811"/>
    <property name="java.vm.vendor" value="Apple Inc."/>
    <property name="java.vendor.url" value="http://www.apple.com/"/>
    <property name="path.separator" value=":"/>
    <property name="java.vm.name" value="Java HotSpot(TM) 64-Bit Server VM"/>
    <property name="file.encoding.pkg" value="sun.io"/>
    <property name="user.country" value="US"/>
    <property name="sun.java.launcher" value="SUN_STANDARD"/>
    <property name="sun.os.patch.level" value="unknown"/>
    <property name="java.vm.specification.name" value="Java Virtual Machine Specification"/>
    <property name="user.dir" value="/Users/garyrowe/Documents/Dropbox/Business/Workspaces/Java/Bitcoin/MultiBitMerchant/mbm-clients/java/jsp-jquery"/>
    <property name="java.runtime.version" value="1.6.0_35-b10-428-11M3811"/>
    <property name="java.awt.graphicsenv" value="apple.awt.CGraphicsEnvironment"/>
    <property name="basedir" value="/Users/garyrowe/Documents/Dropbox/Business/Workspaces/Java/Bitcoin/MultiBitMerchant/mbm-clients/java/jsp-jquery"/>
    <property name="java.endorsed.dirs" value="/System/Library/Java/JavaVirtualMachines/1.6.0.jdk/Contents/Home/lib/endorsed"/>
    <property name="os.arch" value="x86_64"/>
    <property name="surefire.real.class.path" value="/Users/garyrowe/Documents/Dropbox/Business/Workspaces/Java/Bitcoin/MultiBitMerchant/mbm-clients/java/jsp-jquery/target/surefire/surefirebooter2859505003880991504.jar"/>
    <property name="java.io.tmpdir" value="/var/folders/xl/rwlzm5v54sbdn36xmg0h5wr00000gn/T/"/>
    <property name="line.separator" value="
"/>
    <property name="java.vm.specification.vendor" value="Sun Microsystems Inc."/>
    <property name="os.name" value="Mac OS X"/>
    <property name="sun.jnu.encoding" value="MacRoman"/>
    <property name="java.library.path" value="/Applications/IntelliJ IDEA 11.app/Contents/Resources/Java:/System/Library/PrivateFrameworks/JavaApplicationLauncher.framework/Resources:.:/Library/Java/Extensions:/System/Library/Java/Extensions:/usr/lib/java"/>
    <property name="surefire.test.class.path" value="/Users/garyrowe/Documents/Dropbox/Business/Workspaces/Java/Bitcoin/MultiBitMerchant/mbm-clients/java/jsp-jquery/target/test-classes:/Users/garyrowe/Documents/Dropbox/Business/Workspaces/Java/Bitcoin/MultiBitMerchant/mbm-clients/java/jsp-jquery/target/classes:/Users/Shared/Maven/ThirdPartyRepository/org/springframework/spring-tx/3.1.0.M2/spring-tx-3.1.0.M2.jar:/Users/Shared/Maven/ThirdPartyRepository/aopalliance/aopalliance/1.0/aopalliance-1.0.jar:/Users/Shared/Maven/ThirdPartyRepository/org/springframework/spring-core/3.1.0.M2/spring-core-3.1.0.M2.jar:/Users/Shared/Maven/ThirdPartyRepository/org/springframework/spring-asm/3.1.0.M2/spring-asm-3.1.0.M2.jar:/Users/Shared/Maven/ThirdPartyRepository/org/springframework/spring-context/3.1.0.M2/spring-context-3.1.0.M2.jar:/Users/Shared/Maven/ThirdPartyRepository/org/springframework/spring-expression/3.1.0.M2/spring-expression-3.1.0.M2.jar:/Users/Shared/Maven/ThirdPartyRepository/org/springframework/spring-beans/3.1.0.M2/spring-beans-3.1.0.M2.jar:/Users/Shared/Maven/ThirdPartyRepository/org/springframework/spring-jdbc/3.1.0.M2/spring-jdbc-3.1.0.M2.jar:/Users/Shared/Maven/ThirdPartyRepository/org/springframework/spring-orm/3.1.0.M2/spring-orm-3.1.0.M2.jar:/Users/Shared/Maven/ThirdPartyRepository/org/springframework/spring-oxm/3.1.0.M2/spring-oxm-3.1.0.M2.jar:/Users/Shared/Maven/ThirdPartyRepository/org/springframework/spring-aop/3.1.0.M2/spring-aop-3.1.0.M2.jar:/Users/Shared/Maven/ThirdPartyRepository/org/springframework/spring-web/3.1.0.M2/spring-web-3.1.0.M2.jar:/Users/Shared/Maven/ThirdPartyRepository/org/springframework/spring-webmvc/3.1.0.M2/spring-webmvc-3.1.0.M2.jar:/Users/Shared/Maven/ThirdPartyRepository/org/springframework/spring-context-support/3.1.0.M2/spring-context-support-3.1.0.M2.jar:/Users/Shared/Maven/ThirdPartyRepository/org/springframework/security/spring-security-web/3.1.0.M2/spring-security-web-3.1.0.M2.jar:/Users/Shared/Maven/ThirdPartyRepository/org/springframework/security/spring-security-core/3.1.0.M2/spring-security-core-3.1.0.M2.jar:/Users/Shared/Maven/ThirdPartyRepository/org/aspectj/aspectjrt/1.6.10/aspectjrt-1.6.10.jar:/Users/Shared/Maven/ThirdPartyRepository/org/springframework/security/spring-security-openid/3.1.0.M2/spring-security-openid-3.1.0.M2.jar:/Users/Shared/Maven/ThirdPartyRepository/org/openid4java/openid4java-nodeps/0.9.5/openid4java-nodeps-0.9.5.jar:/Users/Shared/Maven/ThirdPartyRepository/commons-logging/commons-logging/1.1.1/commons-logging-1.1.1.jar:/Users/Shared/Maven/ThirdPartyRepository/commons-httpclient/commons-httpclient/3.1/commons-httpclient-3.1.jar:/Users/Shared/Maven/ThirdPartyRepository/commons-codec/commons-codec/1.2/commons-codec-1.2.jar:/Users/Shared/Maven/ThirdPartyRepository/org/springframework/security/spring-security-config/3.1.0.M2/spring-security-config-3.1.0.M2.jar:/Users/Shared/Maven/ThirdPartyRepository/org/aspectj/aspectjweaver/1.6.10/aspectjweaver-1.6.10.jar:/Users/Shared/Maven/ThirdPartyRepository/org/springframework/social/spring-social-core/1.0.0.RELEASE/spring-social-core-1.0.0.RELEASE.jar:/Users/Shared/Maven/ThirdPartyRepository/org/springframework/social/spring-social-web/1.0.0.RELEASE/spring-social-web-1.0.0.RELEASE.jar:/Users/Shared/Maven/ThirdPartyRepository/javax/inject/javax.inject/1/javax.inject-1.jar:/Users/Shared/Maven/ThirdPartyRepository/org/springframework/social/spring-social-twitter/1.0.0.RELEASE/spring-social-twitter-1.0.0.RELEASE.jar:/Users/Shared/Maven/ThirdPartyRepository/org/codehaus/jackson/jackson-mapper-asl/1.9.2/jackson-mapper-asl-1.9.2.jar:/Users/Shared/Maven/ThirdPartyRepository/org/codehaus/jackson/jackson-core-asl/1.9.2/jackson-core-asl-1.9.2.jar:/Users/Shared/Maven/ThirdPartyRepository/org/hibernate/java-persistence/jpa-api/2.0-cr-1/jpa-api-2.0-cr-1.jar:/Users/Shared/Maven/ThirdPartyRepository/org/hibernate/hibernate-entitymanager/3.6.0.Final/hibernate-entitymanager-3.6.0.Final.jar:/Users/Shared/Maven/ThirdPartyRepository/org/hibernate/hibernate-core/3.6.0.Final/hibernate-core-3.6.0.Final.jar:/Users/Shared/Maven/ThirdPartyRepository/antlr/antlr/2.7.6/antlr-2.7.6.jar:/Users/Shared/Maven/ThirdPartyRepository/commons-collections/commons-collections/3.1/commons-collections-3.1.jar:/Users/Shared/Maven/ThirdPartyRepository/dom4j/dom4j/1.6.1/dom4j-1.6.1.jar:/Users/Shared/Maven/ThirdPartyRepository/org/hibernate/hibernate-commons-annotations/3.2.0.Final/hibernate-commons-annotations-3.2.0.Final.jar:/Users/Shared/Maven/ThirdPartyRepository/javax/transaction/jta/1.1/jta-1.1.jar:/Users/Shared/Maven/ThirdPartyRepository/javassist/javassist/3.12.0.GA/javassist-3.12.0.GA.jar:/Users/Shared/Maven/ThirdPartyRepository/org/hibernate/javax/persistence/hibernate-jpa-2.0-api/1.0.0.Final/hibernate-jpa-2.0-api-1.0.0.Final.jar:/Users/Shared/Maven/ThirdPartyRepository/org/slf4j/slf4j-api/1.6.1/slf4j-api-1.6.1.jar:/Users/Shared/Maven/ThirdPartyRepository/ch/qos/logback/logback-classic/0.9.29/logback-classic-0.9.29.jar:/Users/Shared/Maven/ThirdPartyRepository/ch/qos/logback/logback-core/0.9.29/logback-core-0.9.29.jar:/Users/Shared/Maven/ThirdPartyRepository/org/slf4j/jcl-over-slf4j/1.6.1/jcl-over-slf4j-1.6.1.jar:/Users/Shared/Maven/ThirdPartyRepository/joda-time/joda-time/1.6.2/joda-time-1.6.2.jar:/Users/Shared/Maven/ThirdPartyRepository/org/hsqldb/hsqldb/2.2.8/hsqldb-2.2.8.jar:/Users/Shared/Maven/ThirdPartyRepository/javax/servlet/servlet-api/2.5/servlet-api-2.5.jar:/Users/Shared/Maven/ThirdPartyRepository/javax/servlet/jsp/jsp-api/2.2/jsp-api-2.2.jar:/Users/Shared/Maven/ThirdPartyRepository/javax/servlet/jstl/1.2/jstl-1.2.jar:/Users/Shared/Maven/ThirdPartyRepository/junit/junit/4.8.2/junit-4.8.2.jar:/Users/Shared/Maven/ThirdPartyRepository/mockit/jmockit/0.998/jmockit-0.998.jar:/Users/Shared/Maven/ThirdPartyRepository/org/hamcrest/hamcrest-library/1.1/hamcrest-library-1.1.jar:/Users/Shared/Maven/ThirdPartyRepository/org/hamcrest/hamcrest-core/1.1/hamcrest-core-1.1.jar:/Users/Shared/Maven/ThirdPartyRepository/org/springframework/spring-test/3.1.0.M2/spring-test-3.1.0.M2.jar:/Users/Shared/Maven/ThirdPartyRepository/cglib/cglib/2.2.2/cglib-2.2.2.jar:/Users/Shared/Maven/ThirdPartyRepository/asm/asm/3.3.1/asm-3.3.1.jar:/Users/Shared/Maven/ThirdPartyRepository/org/atmosphere/atmosphere-runtime/0.8.0-RC3/atmosphere-runtime-0.8.0-RC3.jar:/Users/Shared/Maven/ThirdPartyRepository/org/atmosphere/atmosphere-compat-jbossweb/0.8.0-RC3/atmosphere-compat-jbossweb-0.8.0-RC3.jar:/Users/Shared/Maven/ThirdPartyRepository/org/atmosphere/atmosphere-compat-weblogic/0.8.0-RC3/atmosphere-compat-weblogic-0.8.0-RC3.jar:/Users/Shared/Maven/ThirdPartyRepository/org/atmosphere/atmosphere-compat-jetty/0.8.0-RC3/atmosphere-compat-jetty-0.8.0-RC3.jar:/Users/Shared/Maven/ThirdPartyRepository/org/atmosphere/atmosphere-compat-tomcat/0.8.0-RC3/atmosphere-compat-tomcat-0.8.0-RC3.jar:/Users/Shared/Maven/ThirdPartyRepository/com/googlecode/openpojo/openpojo/0.3.5/openpojo-0.3.5.jar:/Users/Shared/Maven/ThirdPartyRepository/com/google/bitcoinj/0.3/bitcoinj-0.3.jar:/Users/Shared/Maven/ThirdPartyRepository/org/bouncycastle/bcprov-jdk15/1.46/bcprov-jdk15-1.46.jar:/Users/Shared/Maven/ThirdPartyRepository/com/google/zxing/javase/1.6/javase-1.6.jar:/Users/Shared/Maven/ThirdPartyRepository/com/google/zxing/core/1.6/core-1.6.jar:/Users/Shared/Maven/ThirdPartyRepository/com/google/guava/guava/12.0/guava-12.0.jar:/Users/Shared/Maven/ThirdPartyRepository/com/google/code/findbugs/jsr305/1.3.9/jsr305-1.3.9.jar:/Users/Shared/Maven/ThirdPartyRepository/com/google/code/findbugs/annotations/1.3.9/annotations-1.3.9.jar:"/>
    <property name="java.specification.name" value="Java Platform API Specification"/>
    <property name="java.class.version" value="50.0"/>
    <property name="sun.management.compiler" value="HotSpot 64-Bit Tiered Compilers"/>
    <property name="os.version" value="10.7.5"/>
    <property name="http.nonProxyHosts" value="local|*.local|169.254/16|*.169.254/16"/>
    <property name="user.home" value="/Users/garyrowe"/>
    <property name="user.timezone" value="Europe/London"/>
    <property name="java.awt.printerjob" value="apple.awt.CPrinterJob"/>
    <property name="java.specification.version" value="1.6"/>
    <property name="file.encoding" value="MacRoman"/>
    <property name="user.name" value="garyrowe"/>
    <property name="java.class.path" value="/Users/garyrowe/Documents/Dropbox/Business/Workspaces/Java/Bitcoin/MultiBitMerchant/mbm-clients/java/jsp-jquery/target/test-classes:/Users/garyrowe/Documents/Dropbox/Business/Workspaces/Java/Bitcoin/MultiBitMerchant/mbm-clients/java/jsp-jquery/target/classes:/Users/Shared/Maven/ThirdPartyRepository/org/springframework/spring-tx/3.1.0.M2/spring-tx-3.1.0.M2.jar:/Users/Shared/Maven/ThirdPartyRepository/aopalliance/aopalliance/1.0/aopalliance-1.0.jar:/Users/Shared/Maven/ThirdPartyRepository/org/springframework/spring-core/3.1.0.M2/spring-core-3.1.0.M2.jar:/Users/Shared/Maven/ThirdPartyRepository/org/springframework/spring-asm/3.1.0.M2/spring-asm-3.1.0.M2.jar:/Users/Shared/Maven/ThirdPartyRepository/org/springframework/spring-context/3.1.0.M2/spring-context-3.1.0.M2.jar:/Users/Shared/Maven/ThirdPartyRepository/org/springframework/spring-expression/3.1.0.M2/spring-expression-3.1.0.M2.jar:/Users/Shared/Maven/ThirdPartyRepository/org/springframework/spring-beans/3.1.0.M2/spring-beans-3.1.0.M2.jar:/Users/Shared/Maven/ThirdPartyRepository/org/springframework/spring-jdbc/3.1.0.M2/spring-jdbc-3.1.0.M2.jar:/Users/Shared/Maven/ThirdPartyRepository/org/springframework/spring-orm/3.1.0.M2/spring-orm-3.1.0.M2.jar:/Users/Shared/Maven/ThirdPartyRepository/org/springframework/spring-oxm/3.1.0.M2/spring-oxm-3.1.0.M2.jar:/Users/Shared/Maven/ThirdPartyRepository/org/springframework/spring-aop/3.1.0.M2/spring-aop-3.1.0.M2.jar:/Users/Shared/Maven/ThirdPartyRepository/org/springframework/spring-web/3.1.0.M2/spring-web-3.1.0.M2.jar:/Users/Shared/Maven/ThirdPartyRepository/org/springframework/spring-webmvc/3.1.0.M2/spring-webmvc-3.1.0.M2.jar:/Users/Shared/Maven/ThirdPartyRepository/org/springframework/spring-context-support/3.1.0.M2/spring-context-support-3.1.0.M2.jar:/Users/Shared/Maven/ThirdPartyRepository/org/springframework/security/spring-security-web/3.1.0.M2/spring-security-web-3.1.0.M2.jar:/Users/Shared/Maven/ThirdPartyRepository/org/springframework/security/spring-security-core/3.1.0.M2/spring-security-core-3.1.0.M2.jar:/Users/Shared/Maven/ThirdPartyRepository/org/aspectj/aspectjrt/1.6.10/aspectjrt-1.6.10.jar:/Users/Shared/Maven/ThirdPartyRepository/org/springframework/security/spring-security-openid/3.1.0.M2/spring-security-openid-3.1.0.M2.jar:/Users/Shared/Maven/ThirdPartyRepository/org/openid4java/openid4java-nodeps/0.9.5/openid4java-nodeps-0.9.5.jar:/Users/Shared/Maven/ThirdPartyRepository/commons-logging/commons-logging/1.1.1/commons-logging-1.1.1.jar:/Users/Shared/Maven/ThirdPartyRepository/commons-httpclient/commons-httpclient/3.1/commons-httpclient-3.1.jar:/Users/Shared/Maven/ThirdPartyRepository/commons-codec/commons-codec/1.2/commons-codec-1.2.jar:/Users/Shared/Maven/ThirdPartyRepository/org/springframework/security/spring-security-config/3.1.0.M2/spring-security-config-3.1.0.M2.jar:/Users/Shared/Maven/ThirdPartyRepository/org/aspectj/aspectjweaver/1.6.10/aspectjweaver-1.6.10.jar:/Users/Shared/Maven/ThirdPartyRepository/org/springframework/social/spring-social-core/1.0.0.RELEASE/spring-social-core-1.0.0.RELEASE.jar:/Users/Shared/Maven/ThirdPartyRepository/org/springframework/social/spring-social-web/1.0.0.RELEASE/spring-social-web-1.0.0.RELEASE.jar:/Users/Shared/Maven/ThirdPartyRepository/javax/inject/javax.inject/1/javax.inject-1.jar:/Users/Shared/Maven/ThirdPartyRepository/org/springframework/social/spring-social-twitter/1.0.0.RELEASE/spring-social-twitter-1.0.0.RELEASE.jar:/Users/Shared/Maven/ThirdPartyRepository/org/codehaus/jackson/jackson-mapper-asl/1.9.2/jackson-mapper-asl-1.9.2.jar:/Users/Shared/Maven/ThirdPartyRepository/org/codehaus/jackson/jackson-core-asl/1.9.2/jackson-core-asl-1.9.2.jar:/Users/Shared/Maven/ThirdPartyRepository/org/hibernate/java-persistence/jpa-api/2.0-cr-1/jpa-api-2.0-cr-1.jar:/Users/Shared/Maven/ThirdPartyRepository/org/hibernate/hibernate-entitymanager/3.6.0.Final/hibernate-entitymanager-3.6.0.Final.jar:/Users/Shared/Maven/ThirdPartyRepository/org/hibernate/hibernate-core/3.6.0.Final/hibernate-core-3.6.0.Final.jar:/Users/Shared/Maven/ThirdPartyRepository/antlr/antlr/2.7.6/antlr-2.7.6.jar:/Users/Shared/Maven/ThirdPartyRepository/commons-collections/commons-collections/3.1/commons-collections-3.1.jar:/Users/Shared/Maven/ThirdPartyRepository/dom4j/dom4j/1.6.1/dom4j-1.6.1.jar:/Users/Shared/Maven/ThirdPartyRepository/org/hibernate/hibernate-commons-annotations/3.2.0.Final/hibernate-commons-annotations-3.2.0.Final.jar:/Users/Shared/Maven/ThirdPartyRepository/javax/transaction/jta/1.1/jta-1.1.jar:/Users/Shared/Maven/ThirdPartyRepository/javassist/javassist/3.12.0.GA/javassist-3.12.0.GA.jar:/Users/Shared/Maven/ThirdPartyRepository/org/hibernate/javax/persistence/hibernate-jpa-2.0-api/1.0.0.Final/hibernate-jpa-2.0-api-1.0.0.Final.jar:/Users/Shared/Maven/ThirdPartyRepository/org/slf4j/slf4j-api/1.6.1/slf4j-api-1.6.1.jar:/Users/Shared/Maven/ThirdPartyRepository/ch/qos/logback/logback-classic/0.9.29/logback-classic-0.9.29.jar:/Users/Shared/Maven/ThirdPartyRepository/ch/qos/logback/logback-core/0.9.29/logback-core-0.9.29.jar:/Users/Shared/Maven/ThirdPartyRepository/org/slf4j/jcl-over-slf4j/1.6.1/jcl-over-slf4j-1.6.1.jar:/Users/Shared/Maven/ThirdPartyRepository/joda-time/joda-time/1.6.2/joda-time-1.6.2.jar:/Users/Shared/Maven/ThirdPartyRepository/org/hsqldb/hsqldb/2.2.8/hsqldb-2.2.8.jar:/Users/Shared/Maven/ThirdPartyRepository/javax/servlet/servlet-api/2.5/servlet-api-2.5.jar:/Users/Shared/Maven/ThirdPartyRepository/javax/servlet/jsp/jsp-api/2.2/jsp-api-2.2.jar:/Users/Shared/Maven/ThirdPartyRepository/javax/servlet/jstl/1.2/jstl-1.2.jar:/Users/Shared/Maven/ThirdPartyRepository/junit/junit/4.8.2/junit-4.8.2.jar:/Users/Shared/Maven/ThirdPartyRepository/mockit/jmockit/0.998/jmockit-0.998.jar:/Users/Shared/Maven/ThirdPartyRepository/org/hamcrest/hamcrest-library/1.1/hamcrest-library-1.1.jar:/Users/Shared/Maven/ThirdPartyRepository/org/hamcrest/hamcrest-core/1.1/hamcrest-core-1.1.jar:/Users/Shared/Maven/ThirdPartyRepository/org/springframework/spring-test/3.1.0.M2/spring-test-3.1.0.M2.jar:/Users/Shared/Maven/ThirdPartyRepository/cglib/cglib/2.2.2/cglib-2.2.2.jar:/Users/Shared/Maven/ThirdPartyRepository/asm/asm/3.3.1/asm-3.3.1.jar:/Users/Shared/Maven/ThirdPartyRepository/org/atmosphere/atmosphere-runtime/0.8.0-RC3/atmosphere-runtime-0.8.0-RC3.jar:/Users/Shared/Maven/ThirdPartyRepository/org/atmosphere/atmosphere-compat-jbossweb/0.8.0-RC3/atmosphere-compat-jbossweb-0.8.0-RC3.jar:/Users/Shared/Maven/ThirdPartyRepository/org/atmosphere/atmosphere-compat-weblogic/0.8.0-RC3/atmosphere-compat-weblogic-0.8.0-RC3.jar:/Users/Shared/Maven/ThirdPartyRepository/org/atmosphere/atmosphere-compat-jetty/0.8.0-RC3/atmosphere-compat-jetty-0.8.0-RC3.jar:/Users/Shared/Maven/ThirdPartyRepository/org/atmosphere/atmosphere-compat-tomcat/0.8.0-RC3/atmosphere-compat-tomcat-0.8.0-RC3.jar:/Users/Shared/Maven/ThirdPartyRepository/com/googlecode/openpojo/openpojo/0.3.5/openpojo-0.3.5.jar:/Users/Shared/Maven/ThirdPartyRepository/com/google/bitcoinj/0.3/bitcoinj-0.3.jar:/Users/Shared/Maven/ThirdPartyRepository/org/bouncycastle/bcprov-jdk15/1.46/bcprov-jdk15-1.46.jar:/Users/Shared/Maven/ThirdPartyRepository/com/google/zxing/javase/1.6/javase-1.6.jar:/Users/Shared/Maven/ThirdPartyRepository/com/google/zxing/core/1.6/core-1.6.jar:/Users/Shared/Maven/ThirdPartyRepository/com/google/guava/guava/12.0/guava-12.0.jar:/Users/Shared/Maven/ThirdPartyRepository/com/google/code/findbugs/jsr305/1.3.9/jsr305-1.3.9.jar:/Users/Shared/Maven/ThirdPartyRepository/com/google/code/findbugs/annotations/1.3.9/annotations-1.3.9.jar:"/>
    <property name="java.vm.specification.version" value="1.0"/>
    <property name="sun.arch.data.model" value="64"/>
    <property name="java.home" value="/System/Library/Java/JavaVirtualMachines/1.6.0.jdk/Contents/Home"/>
    <property name="sun.java.command" value="/Users/garyrowe/Documents/Dropbox/Business/Workspaces/Java/Bitcoin/MultiBitMerchant/mbm-clients/java/jsp-jquery/target/surefire/surefirebooter2859505003880991504.jar /Users/garyrowe/Documents/Dropbox/Business/Workspaces/Java/Bitcoin/MultiBitMerchant/mbm-clients/java/jsp-jquery/target/surefire/surefire8164124867372995896tmp /Users/garyrowe/Documents/Dropbox/Business/Workspaces/Java/Bitcoin/MultiBitMerchant/mbm-clients/java/jsp-jquery/target/surefire/surefire956514912470036430tmp"/>
    <property name="java.specification.vendor" value="Sun Microsystems Inc."/>
    <property name="user.language" value="en"/>
    <property name="awt.toolkit" value="apple.awt.CToolkit"/>
    <property name="java.vm.info" value="mixed mode"/>
    <property name="java.version" value="1.6.0_35"/>
    <property name="java.ext.dirs" value="/Library/Java/Extensions:/System/Library/Java/Extensions:/System/Library/Java/JavaVirtualMachines/1.6.0.jdk/Contents/Home/lib/ext"/>
    <property name="sun.boot.class.path" value="/System/Library/Java/JavaVirtualMachines/1.6.0.jdk/Contents/Classes/jsfd.jar:/System/Library/Java/JavaVirtualMachines/1.6.0.jdk/Contents/Classes/classes.jar:/System/Library/Frameworks/JavaVM.framework/Frameworks/JavaRuntimeSupport.framework/Resources/Java/JavaRuntimeSupport.jar:/System/Library/Java/JavaVirtualMachines/1.6.0.jdk/Contents/Classes/ui.jar:/System/Library/Java/JavaVirtualMachines/1.6.0.jdk/Contents/Classes/laf.jar:/System/Library/Java/JavaVirtualMachines/1.6.0.jdk/Contents/Classes/sunrsasign.jar:/System/Library/Java/JavaVirtualMachines/1.6.0.jdk/Contents/Classes/jsse.jar:/System/Library/Java/JavaVirtualMachines/1.6.0.jdk/Contents/Classes/jce.jar:/System/Library/Java/JavaVirtualMachines/1.6.0.jdk/Contents/Classes/charsets.jar"/>
    <property name="java.vendor" value="Apple Inc."/>
    <property name="localRepository" value="/Users/Shared/Maven/ThirdPartyRepository"/>
    <property name="file.separator" value="/"/>
    <property name="java.vendor.url.bug" value="http://bugreport.apple.com/"/>
    <property name="sun.cpu.endian" value="little"/>
    <property name="sun.io.unicode.encoding" value="UnicodeLittle"/>
    <property name="mrj.version" value="1070.1.6.0_35-428"/>
    <property name="socksNonProxyHosts" value="local|*.local|169.254/16|*.169.254/16"/>
    <property name="ftp.nonProxyHosts" value="local|*.local|169.254/16|*.169.254/16"/>
    <property name="sun.cpu.isalist" value=""/>
  </properties>
  <testcase time="0.255" classname="org.multibit.mbm.utils.DateUtilsTest" name="testFriendlyFormatDefaultLocale"/>
  <testcase time="0.001" classname="org.multibit.mbm.utils.DateUtilsTest" name="testFriendlyFormatFrenchLocale"/>
  <testcase time="0.011" classname="org.multibit.mbm.utils.DateUtilsTest" name="testFriendlyFormatThaiLocale"/>
</testsuite>